{"total": {"lines":{"total":282,"covered":49,"skipped":0,"pct":17.37},"statements":{"total":283,"covered":49,"skipped":0,"pct":17.31},"functions":{"total":26,"covered":4,"skipped":0,"pct":15.38},"branches":{"total":281,"covered":19,"skipped":0,"pct":6.76},"branchesTrue":{"total":0,"covered":0,"skipped":0,"pct":"Unknown"}}
,"C:\\Users\\MelsyHuamani\\Documents\\Projects\\PR-APT\\apiaddicts-style-guide-asyncapi\\functions\\asa-avro-namespace-pattern.js": {"lines":{"total":25,"covered":3,"skipped":0,"pct":12},"functions":{"total":3,"covered":0,"skipped":0,"pct":0},"statements":{"total":26,"covered":3,"skipped":0,"pct":11.53},"branches":{"total":25,"covered":0,"skipped":0,"pct":0}}
,"C:\\Users\\MelsyHuamani\\Documents\\Projects\\PR-APT\\apiaddicts-style-guide-asyncapi\\functions\\asa-binding-version.js": {"lines":{"total":8,"covered":1,"skipped":0,"pct":12.5},"functions":{"total":1,"covered":0,"skipped":0,"pct":0},"statements":{"total":8,"covered":1,"skipped":0,"pct":12.5},"branches":{"total":8,"covered":0,"skipped":0,"pct":0}}
,"C:\\Users\\MelsyHuamani\\Documents\\Projects\\PR-APT\\apiaddicts-style-guide-asyncapi\\functions\\asa-channel-naming-convention.js": {"lines":{"total":18,"covered":2,"skipped":0,"pct":11.11},"functions":{"total":1,"covered":0,"skipped":0,"pct":0},"statements":{"total":18,"covered":2,"skipped":0,"pct":11.11},"branches":{"total":15,"covered":0,"skipped":0,"pct":0}}
,"C:\\Users\\MelsyHuamani\\Documents\\Projects\\PR-APT\\apiaddicts-style-guide-asyncapi\\functions\\asa-channel-servers-defined.js": {"lines":{"total":16,"covered":1,"skipped":0,"pct":6.25},"functions":{"total":2,"covered":0,"skipped":0,"pct":0},"statements":{"total":16,"covered":1,"skipped":0,"pct":6.25},"branches":{"total":22,"covered":0,"skipped":0,"pct":0}}
,"C:\\Users\\MelsyHuamani\\Documents\\Projects\\PR-APT\\apiaddicts-style-guide-asyncapi\\functions\\asa-check-security-schemes.js": {"lines":{"total":26,"covered":1,"skipped":0,"pct":3.84},"functions":{"total":1,"covered":0,"skipped":0,"pct":0},"statements":{"total":26,"covered":1,"skipped":0,"pct":3.84},"branches":{"total":28,"covered":0,"skipped":0,"pct":0}}
,"C:\\Users\\MelsyHuamani\\Documents\\Projects\\PR-APT\\apiaddicts-style-guide-asyncapi\\functions\\asa-classification-valid-values.js": {"lines":{"total":20,"covered":2,"skipped":0,"pct":10},"functions":{"total":1,"covered":0,"skipped":0,"pct":0},"statements":{"total":20,"covered":2,"skipped":0,"pct":10},"branches":{"total":19,"covered":0,"skipped":0,"pct":0}}
,"C:\\Users\\MelsyHuamani\\Documents\\Projects\\PR-APT\\apiaddicts-style-guide-asyncapi\\functions\\asa-description-format.js": {"lines":{"total":15,"covered":1,"skipped":0,"pct":6.66},"functions":{"total":1,"covered":0,"skipped":0,"pct":0},"statements":{"total":15,"covered":1,"skipped":0,"pct":6.66},"branches":{"total":14,"covered":0,"skipped":0,"pct":0}}
,"C:\\Users\\MelsyHuamani\\Documents\\Projects\\PR-APT\\apiaddicts-style-guide-asyncapi\\functions\\asa-duplicate-operation-id.js": {"lines":{"total":16,"covered":1,"skipped":0,"pct":6.25},"functions":{"total":1,"covered":0,"skipped":0,"pct":0},"statements":{"total":16,"covered":1,"skipped":0,"pct":6.25},"branches":{"total":10,"covered":0,"skipped":0,"pct":0}}
,"C:\\Users\\MelsyHuamani\\Documents\\Projects\\PR-APT\\apiaddicts-style-guide-asyncapi\\functions\\asa-message-examples-validation.js": {"lines":{"total":32,"covered":1,"skipped":0,"pct":3.12},"functions":{"total":5,"covered":0,"skipped":0,"pct":0},"statements":{"total":32,"covered":1,"skipped":0,"pct":3.12},"branches":{"total":31,"covered":0,"skipped":0,"pct":0}}
,"C:\\Users\\MelsyHuamani\\Documents\\Projects\\PR-APT\\apiaddicts-style-guide-asyncapi\\functions\\asa-message-schemas-in-components.js": {"lines":{"total":14,"covered":1,"skipped":0,"pct":7.14},"functions":{"total":2,"covered":0,"skipped":0,"pct":0},"statements":{"total":14,"covered":1,"skipped":0,"pct":7.14},"branches":{"total":18,"covered":0,"skipped":0,"pct":0}}
,"C:\\Users\\MelsyHuamani\\Documents\\Projects\\PR-APT\\apiaddicts-style-guide-asyncapi\\functions\\asa-numeric-parameter-integrity.js": {"lines":{"total":16,"covered":1,"skipped":0,"pct":6.25},"functions":{"total":1,"covered":0,"skipped":0,"pct":0},"statements":{"total":16,"covered":1,"skipped":0,"pct":6.25},"branches":{"total":23,"covered":0,"skipped":0,"pct":0}}
,"C:\\Users\\MelsyHuamani\\Documents\\Projects\\PR-APT\\apiaddicts-style-guide-asyncapi\\functions\\asa-operation-id-camel-case.js": {"lines":{"total":10,"covered":2,"skipped":0,"pct":20},"functions":{"total":1,"covered":0,"skipped":0,"pct":0},"statements":{"total":10,"covered":2,"skipped":0,"pct":20},"branches":{"total":13,"covered":0,"skipped":0,"pct":0}}
,"C:\\Users\\MelsyHuamani\\Documents\\Projects\\PR-APT\\apiaddicts-style-guide-asyncapi\\functions\\asa-retry-topic-naming-convention.js": {"lines":{"total":17,"covered":2,"skipped":0,"pct":11.76},"functions":{"total":1,"covered":0,"skipped":0,"pct":0},"statements":{"total":17,"covered":2,"skipped":0,"pct":11.76},"branches":{"total":14,"covered":0,"skipped":0,"pct":0}}
,"C:\\Users\\MelsyHuamani\\Documents\\Projects\\PR-APT\\apiaddicts-style-guide-asyncapi\\functions\\asa-string-parameter-integrity.js": {"lines":{"total":20,"covered":1,"skipped":0,"pct":5},"functions":{"total":1,"covered":0,"skipped":0,"pct":0},"statements":{"total":20,"covered":1,"skipped":0,"pct":5},"branches":{"total":22,"covered":0,"skipped":0,"pct":0}}
,"C:\\Users\\MelsyHuamani\\Documents\\Projects\\PR-APT\\apiaddicts-style-guide-asyncapi\\functions\\asa-x-payload-references-well-formed.js": {"lines":{"total":29,"covered":29,"skipped":0,"pct":100},"functions":{"total":4,"covered":4,"skipped":0,"pct":100},"statements":{"total":29,"covered":29,"skipped":0,"pct":100},"branches":{"total":19,"covered":19,"skipped":0,"pct":100}}
}
