{"total": {"lines":{"total":194,"covered":76,"skipped":0,"pct":39.17},"statements":{"total":194,"covered":76,"skipped":0,"pct":39.17},"functions":{"total":20,"covered":7,"skipped":0,"pct":35},"branches":{"total":199,"covered":61,"skipped":0,"pct":30.65},"branchesTrue":{"total":0,"covered":0,"skipped":0,"pct":"Unknown"}}
,"C:\\Users\\MelsyHuamani\\Documents\\Projects\\PR-APT\\apiaddicts-style-guide-asyncapi\\functions\\asa-avro-schema-format.js": {"lines":{"total":8,"covered":8,"skipped":0,"pct":100},"functions":{"total":1,"covered":1,"skipped":0,"pct":100},"statements":{"total":8,"covered":8,"skipped":0,"pct":100},"branches":{"total":6,"covered":6,"skipped":0,"pct":100}}
,"C:\\Users\\MelsyHuamani\\Documents\\Projects\\PR-APT\\apiaddicts-style-guide-asyncapi\\functions\\asa-binding-version.js": {"lines":{"total":8,"covered":1,"skipped":0,"pct":12.5},"functions":{"total":1,"covered":0,"skipped":0,"pct":0},"statements":{"total":8,"covered":1,"skipped":0,"pct":12.5},"branches":{"total":8,"covered":0,"skipped":0,"pct":0}}
,"C:\\Users\\MelsyHuamani\\Documents\\Projects\\PR-APT\\apiaddicts-style-guide-asyncapi\\functions\\asa-channel-servers-defined.js": {"lines":{"total":16,"covered":1,"skipped":0,"pct":6.25},"functions":{"total":2,"covered":0,"skipped":0,"pct":0},"statements":{"total":16,"covered":1,"skipped":0,"pct":6.25},"branches":{"total":22,"covered":0,"skipped":0,"pct":0}}
,"C:\\Users\\MelsyHuamani\\Documents\\Projects\\PR-APT\\apiaddicts-style-guide-asyncapi\\functions\\asa-check-security-schemes.js": {"lines":{"total":26,"covered":25,"skipped":0,"pct":96.15},"functions":{"total":1,"covered":1,"skipped":0,"pct":100},"statements":{"total":26,"covered":25,"skipped":0,"pct":96.15},"branches":{"total":28,"covered":26,"skipped":0,"pct":92.85}}
,"C:\\Users\\MelsyHuamani\\Documents\\Projects\\PR-APT\\apiaddicts-style-guide-asyncapi\\functions\\asa-description-format.js": {"lines":{"total":15,"covered":13,"skipped":0,"pct":86.66},"functions":{"total":1,"covered":1,"skipped":0,"pct":100},"statements":{"total":15,"covered":13,"skipped":0,"pct":86.66},"branches":{"total":14,"covered":12,"skipped":0,"pct":85.71}}
,"C:\\Users\\MelsyHuamani\\Documents\\Projects\\PR-APT\\apiaddicts-style-guide-asyncapi\\functions\\asa-duplicate-operation-id.js": {"lines":{"total":16,"covered":1,"skipped":0,"pct":6.25},"functions":{"total":1,"covered":0,"skipped":0,"pct":0},"statements":{"total":16,"covered":1,"skipped":0,"pct":6.25},"branches":{"total":10,"covered":0,"skipped":0,"pct":0}}
,"C:\\Users\\MelsyHuamani\\Documents\\Projects\\PR-APT\\apiaddicts-style-guide-asyncapi\\functions\\asa-message-examples-validation.js": {"lines":{"total":32,"covered":1,"skipped":0,"pct":3.12},"functions":{"total":5,"covered":0,"skipped":0,"pct":0},"statements":{"total":32,"covered":1,"skipped":0,"pct":3.12},"branches":{"total":31,"covered":0,"skipped":0,"pct":0}}
,"C:\\Users\\MelsyHuamani\\Documents\\Projects\\PR-APT\\apiaddicts-style-guide-asyncapi\\functions\\asa-message-schemas-in-components.js": {"lines":{"total":14,"covered":1,"skipped":0,"pct":7.14},"functions":{"total":2,"covered":0,"skipped":0,"pct":0},"statements":{"total":14,"covered":1,"skipped":0,"pct":7.14},"branches":{"total":18,"covered":0,"skipped":0,"pct":0}}
,"C:\\Users\\MelsyHuamani\\Documents\\Projects\\PR-APT\\apiaddicts-style-guide-asyncapi\\functions\\asa-numeric-parameter-integrity.js": {"lines":{"total":16,"covered":1,"skipped":0,"pct":6.25},"functions":{"total":1,"covered":0,"skipped":0,"pct":0},"statements":{"total":16,"covered":1,"skipped":0,"pct":6.25},"branches":{"total":23,"covered":0,"skipped":0,"pct":0}}
,"C:\\Users\\MelsyHuamani\\Documents\\Projects\\PR-APT\\apiaddicts-style-guide-asyncapi\\functions\\asa-string-parameter-integrity.js": {"lines":{"total":20,"covered":1,"skipped":0,"pct":5},"functions":{"total":1,"covered":0,"skipped":0,"pct":0},"statements":{"total":20,"covered":1,"skipped":0,"pct":5},"branches":{"total":22,"covered":0,"skipped":0,"pct":0}}
,"C:\\Users\\MelsyHuamani\\Documents\\Projects\\PR-APT\\apiaddicts-style-guide-asyncapi\\functions\\asa-x-payload-references-well-formed.js": {"lines":{"total":23,"covered":23,"skipped":0,"pct":100},"functions":{"total":4,"covered":4,"skipped":0,"pct":100},"statements":{"total":23,"covered":23,"skipped":0,"pct":100},"branches":{"total":17,"covered":17,"skipped":0,"pct":100}}
}
